<?xml version="1.0" encoding="UTF-8"?>
<testng-results skipped="0" failed="0" ignored="0" total="1" passed="1">
  <reporter-output>
    <line>
      <![CDATA[<img src='F:\Eclipse Projects\Eclipse-Workspace\Project1\test-output20181221_223303.png'/ >]]>
    </line>
    <line>
      <![CDATA[<img src='F:\Eclipse Projects\Eclipse-Workspace\Project1\test-output20181221_223314.png'/ >]]>
    </line>
  </reporter-output>
  <suite name="RegressionQA" duration-ms="31344" started-at="2018-12-21T17:02:48Z" finished-at="2018-12-21T17:03:20Z">
    <groups>
    </groups>
    <test name="SearchFlights_Test" duration-ms="31344" started-at="2018-12-21T17:02:48Z" finished-at="2018-12-21T17:03:20Z">
      <class name="testCases.TC1_SearchFlights">
        <test-method status="PASS" signature="initialize(java.lang.String, java.lang.String, java.lang.String)[pri:0, instance:testCases.TC1_SearchFlights@f6efaab]" name="initialize" is-config="true" duration-ms="3650" started-at="2018-12-21T17:02:48Z" finished-at="2018-12-21T17:02:52Z">
          <params>
            <param index="0">
              <value>
                <![CDATA[QA]]>
              </value>
            </param>
            <param index="1">
              <value>
                <![CDATA[Chrome]]>
              </value>
            </param>
            <param index="2">
              <value>
                <![CDATA[F:\\Eclipse Projects\\Eclipse-Workspace\\Project1\\src\\main\\java\\resourcesAndUtils\\QA.properties]]>
              </value>
            </param>
          </params>
          <reporter-output>
          </reporter-output>
        </test-method> <!-- initialize -->
        <test-method status="PASS" signature="searchFlights()[pri:0, instance:testCases.TC1_SearchFlights@f6efaab]" name="searchFlights" duration-ms="27682" started-at="2018-12-21T17:02:52Z" finished-at="2018-12-21T17:03:20Z">
          <reporter-output>
            <line>
              <![CDATA[<img src='F:\Eclipse Projects\Eclipse-Workspace\Project1\test-output20181221_223303.png'/ >]]>
            </line>
            <line>
              <![CDATA[<img src='F:\Eclipse Projects\Eclipse-Workspace\Project1\test-output20181221_223314.png'/ >]]>
            </line>
          </reporter-output>
        </test-method> <!-- searchFlights -->
      </class> <!-- testCases.TC1_SearchFlights -->
    </test> <!-- SearchFlights_Test -->
  </suite> <!-- RegressionQA -->
</testng-results>
